Using pre-set license
Built from '2022.3/release' branch; Version is '2022.3.5f1 (9674261d40ee) revision 9860134'; Using compiler version '192829333'; Build Type 'Release'
OS: 'Windows 11  (10.0.22621) 64bit Professional' Language: 'zh' Physical Memory: 32681 MB
BatchMode: 1, IsHumanControllingUs: 0, StartBugReporterOnCrash: 0, Is64bit: 1, IsPro: 1

COMMAND LINE ARGUMENTS:
F:\Developent\Unity\Editor\2022.3.5f1\Editor\Unity.exe
-adb2
-batchMode
-noUpm
-name
AssetImportWorker1
-projectPath
F:/Developent/Unity/涔/BookProject/BookProject
-logFile
Logs/AssetImportWorker1.log
-srvPort
49926
Successfully changed project path to: F:/Developent/Unity/涔/BookProject/BookProject
F:/Developent/Unity/涔/BookProject/BookProject
[UnityMemory] Configuration Parameters - Can be set up in boot.config
    "memorysetup-bucket-allocator-granularity=16"
    "memorysetup-bucket-allocator-bucket-count=8"
    "memorysetup-bucket-allocator-block-size=33554432"
    "memorysetup-bucket-allocator-block-count=8"
    "memorysetup-main-allocator-block-size=16777216"
    "memorysetup-thread-allocator-block-size=16777216"
    "memorysetup-gfx-main-allocator-block-size=16777216"
    "memorysetup-gfx-thread-allocator-block-size=16777216"
    "memorysetup-cache-allocator-block-size=4194304"
    "memorysetup-typetree-allocator-block-size=2097152"
    "memorysetup-profiler-bucket-allocator-granularity=16"
    "memorysetup-profiler-bucket-allocator-bucket-count=8"
    "memorysetup-profiler-bucket-allocator-block-size=33554432"
    "memorysetup-profiler-bucket-allocator-block-count=8"
    "memorysetup-profiler-allocator-block-size=16777216"
    "memorysetup-profiler-editor-allocator-block-size=1048576"
    "memorysetup-temp-allocator-size-main=16777216"
    "memorysetup-job-temp-allocator-block-size=2097152"
    "memorysetup-job-temp-allocator-block-size-background=1048576"
    "memorysetup-job-temp-allocator-reduction-small-platforms=262144"
    "memorysetup-allocator-temp-initial-block-size-main=262144"
    "memorysetup-allocator-temp-initial-block-size-worker=262144"
    "memorysetup-temp-allocator-size-background-worker=32768"
    "memorysetup-temp-allocator-size-job-worker=262144"
    "memorysetup-temp-allocator-size-preload-manager=33554432"
    "memorysetup-temp-allocator-size-nav-mesh-worker=65536"
    "memorysetup-temp-allocator-size-audio-worker=65536"
    "memorysetup-temp-allocator-size-cloud-worker=32768"
    "memorysetup-temp-allocator-size-gi-baking-worker=262144"
    "memorysetup-temp-allocator-size-gfx=262144"
Player connection [18776] Host "[IP] 192.168.0.103 [Port] 0 [Flags] 2 [Guid] 890427880 [EditorId] 890427880 [Version] 1048832 [Id] WindowsEditor(7,DESKTOP-4QH7FA3) [Debug] 1 [PackageName] WindowsEditor [ProjectName] Editor" joined multi-casting on [225.0.0.222:54997]...

Player connection [18776] Host "[IP] 192.168.0.103 [Port] 0 [Flags] 2 [Guid] 890427880 [EditorId] 890427880 [Version] 1048832 [Id] WindowsEditor(7,DESKTOP-4QH7FA3) [Debug] 1 [PackageName] WindowsEditor [ProjectName] Editor" joined alternative multi-casting on [225.0.0.222:34997]...

Refreshing native plugins compatible for Editor in 2.97 ms, found 2 plugins.
Preloading 0 native plugins for Editor in 0.00 ms.
Initialize engine version: 2022.3.5f1 (9674261d40ee)
[Subsystems] Discovering subsystems at path F:/Developent/Unity/Editor/2022.3.5f1/Editor/Data/Resources/UnitySubsystems
[Subsystems] Discovering subsystems at path F:/Developent/Unity/涔/BookProject/BookProject/Assets
GfxDevice: creating device client; threaded=0; jobified=0
Direct3D:
    Version:  Direct3D 11.0 [level 11.1]
    Renderer: NVIDIA GeForce RTX 3070 Ti (ID=0x2482)
    Vendor:   NVIDIA
    VRAM:     8031 MB
    Driver:   31.0.15.3141
Initialize mono
Mono path[0] = 'F:/Developent/Unity/Editor/2022.3.5f1/Editor/Data/Managed'
Mono path[1] = 'F:/Developent/Unity/Editor/2022.3.5f1/Editor/Data/MonoBleedingEdge/lib/mono/unityjit-win32'
Mono config path = 'F:/Developent/Unity/Editor/2022.3.5f1/Editor/Data/MonoBleedingEdge/etc'
Using monoOptions --debugger-agent=transport=dt_socket,embedding=1,server=y,suspend=n,address=127.0.0.1:56092
Begin MonoManager ReloadAssembly
Registering precompiled unity dll's ...
Register platform support module: F:/Developent/Unity/Editor/2022.3.5f1/Editor/Data/PlaybackEngines/AndroidPlayer/UnityEditor.Android.Extensions.dll
Register platform support module: F:/Developent/Unity/Editor/2022.3.5f1/Editor/Data/PlaybackEngines/WindowsStandaloneSupport/UnityEditor.WindowsStandalone.Extensions.dll
Registered in 0.003567 seconds.
- Loaded All Assemblies, in  0.286 seconds
Native extension for WindowsStandalone target not found
Native extension for Android target not found
Android Extension - Scanning For ADB Devices 482 ms
Mono: successfully reloaded assembly
- Finished resetting the current domain, in  0.763 seconds
Domain Reload Profiling: 1050ms
	BeginReloadAssembly (71ms)
		ExecutionOrderSort (0ms)
		DisableScriptedObjects (0ms)
		BackupInstance (0ms)
		ReleaseScriptingObjects (0ms)
		CreateAndSetChildDomain (1ms)
	RebuildCommonClasses (27ms)
	RebuildNativeTypeToScriptingClass (10ms)
	initialDomainReloadingComplete (56ms)
	LoadAllAssembliesAndSetupDomain (122ms)
		LoadAssemblies (70ms)
		RebuildTransferFunctionScriptingTraits (0ms)
		AnalyzeDomain (120ms)
			TypeCache.Refresh (119ms)
				TypeCache.ScanAssembly (108ms)
			ScanForSourceGeneratedMonoScriptInfo (0ms)
			ResolveRequiredComponents (0ms)
	FinalizeReload (764ms)
		ReleaseScriptCaches (0ms)
		RebuildScriptCaches (0ms)
		SetupLoadedEditorAssemblies (714ms)
			LogAssemblyErrors (0ms)
			InitializePlatformSupportModulesInManaged (571ms)
			SetLoadedEditorAssemblies (3ms)
			RefreshPlugins (0ms)
			BeforeProcessingInitializeOnLoad (2ms)
			ProcessInitializeOnLoadAttributes (92ms)
			ProcessInitializeOnLoadMethodAttributes (46ms)
			AfterProcessingInitializeOnLoad (0ms)
			EditorAssembliesLoaded (0ms)
		ExecutionOrderSort2 (0ms)
		AwakeInstancesAfterBackupRestoration (0ms)
========================================================================
Worker process is ready to serve import requests
Begin MonoManager ReloadAssembly
- Loaded All Assemblies, in  0.582 seconds
Refreshing native plugins compatible for Editor in 1.17 ms, found 2 plugins.
Native extension for WindowsStandalone target not found
Native extension for Android target not found
Mono: successfully reloaded assembly
- Finished resetting the current domain, in  0.488 seconds
Domain Reload Profiling: 1070ms
	BeginReloadAssembly (115ms)
		ExecutionOrderSort (0ms)
		DisableScriptedObjects (5ms)
		BackupInstance (0ms)
		ReleaseScriptingObjects (0ms)
		CreateAndSetChildDomain (25ms)
	RebuildCommonClasses (31ms)
	RebuildNativeTypeToScriptingClass (9ms)
	initialDomainReloadingComplete (34ms)
	LoadAllAssembliesAndSetupDomain (393ms)
		LoadAssemblies (223ms)
		RebuildTransferFunctionScriptingTraits (0ms)
		AnalyzeDomain (224ms)
			TypeCache.Refresh (211ms)
				TypeCache.ScanAssembly (197ms)
			ScanForSourceGeneratedMonoScriptInfo (10ms)
			ResolveRequiredComponents (3ms)
	FinalizeReload (489ms)
		ReleaseScriptCaches (0ms)
		RebuildScriptCaches (0ms)
		SetupLoadedEditorAssemblies (337ms)
			LogAssemblyErrors (0ms)
			InitializePlatformSupportModulesInManaged (20ms)
			SetLoadedEditorAssemblies (4ms)
			RefreshPlugins (0ms)
			BeforeProcessingInitializeOnLoad (38ms)
			ProcessInitializeOnLoadAttributes (250ms)
			ProcessInitializeOnLoadMethodAttributes (22ms)
			AfterProcessingInitializeOnLoad (3ms)
			EditorAssembliesLoaded (0ms)
		ExecutionOrderSort2 (0ms)
		AwakeInstancesAfterBackupRestoration (8ms)
Launched and connected shader compiler UnityShaderCompiler.exe after 0.14 seconds
Refreshing native plugins compatible for Editor in 1.26 ms, found 2 plugins.
Preloading 0 native plugins for Editor in 0.00 ms.
Unloading 1582 Unused Serialized files (Serialized files now loaded: 0)
Unloading 33 unused Assets / (1.3 MB). Loaded Objects now: 2077.
Memory consumption went from 123.9 MB to 122.6 MB.
Total: 7.016200 ms (FindLiveObjects: 0.425000 ms CreateObjectMapping: 0.090600 ms MarkObjects: 5.627700 ms  DeleteObjects: 0.870800 ms)

AssetImportParameters requested are different than current active one (requested -> active):
  custom:video-encoder-webm-vp8: eb34c28f22e8b96e1ab97ce403110664 -> 
  custom:video-decoder-webm-vp8: 9c59270c3fd7afecdb556c50c9e8de78 -> 
  custom:audio-decoder-ogg-vorbis: bf7c407c2cedff20999df2af8eb42d56 -> 
  custom:container-demuxer-ogg: 62fdf1f143b41e24485cea50d1cbac27 -> 
  custom:AudioImporter_EditorPlatform: d09bf68614088b80899f8185d706f6e7 -> 
  custom:CustomObjectIndexerAttribute: 756ad292c208cfabdd7b50bc23989ffe -> 
  custom:container-demuxer-webm: 4f35f7cbe854078d1ac9338744f61a02 -> 
  custom:video-decoder-ogg-theora: a1e56fd34408186e4bbccfd4996cb3dc -> 
  custom:audio-encoder-webm-vorbis: bf7c407c2cedff20999df2af8eb42d56 -> 
  custom:framework-win-MediaFoundation: 216162199b28c13a410421893ffa2e32 -> 
  custom:container-muxer-webm: aa71ff27fc2769a1b78a27578f13a17b -> 
========================================================================
Received Import Request.
  Time since last request: 57797.448917 seconds.
  path: Assets/Chapter8/MyShaderLib.cginc
  artifactKey: Guid(2fa5200355ecf8540ae7badb4c303ef7) Importer(815301076,1909f56bfc062723c751e8b465ee728b)
Start importing Assets/Chapter8/MyShaderLib.cginc using Guid(2fa5200355ecf8540ae7badb4c303ef7) Importer(815301076,1909f56bfc062723c751e8b465ee728b)  -> (artifact id: 'ec6964abd235ab3e5d98dbf84d485ca1') in 0.015499 seconds
Number of updated asset objects reloaded before import = 0
Number of asset objects unloaded after import = 1
========================================================================
Received Import Request.
  Time since last request: 29.762876 seconds.
  path: Assets/Chapter4/Materials/M_CustomStencil.mat
  artifactKey: Guid(2cbf8d2b24cc6224b99611da1d5f5566) Importer(815301076,1909f56bfc062723c751e8b465ee728b)
Start importing Assets/Chapter4/Materials/M_CustomStencil.mat using Guid(2cbf8d2b24cc6224b99611da1d5f5566) Importer(815301076,1909f56bfc062723c751e8b465ee728b)  -> (artifact id: '2efc9722de16c1f387d8c6506e9ac4a5') in 0.082070 seconds
Number of updated asset objects reloaded before import = 0
Number of asset objects unloaded after import = 1
========================================================================
Received Import Request.
  Time since last request: 0.005152 seconds.
  path: Assets/Chapter4/Materials/M_CustomZ.mat
  artifactKey: Guid(1553bfc87ad20a34c92bdf3e410dec60) Importer(815301076,1909f56bfc062723c751e8b465ee728b)
Start importing Assets/Chapter4/Materials/M_CustomZ.mat using Guid(1553bfc87ad20a34c92bdf3e410dec60) Importer(815301076,1909f56bfc062723c751e8b465ee728b)  -> (artifact id: 'f1160745c1ed5364753267a7a94aa059') in 0.007915 seconds
Number of updated asset objects reloaded before import = 0
Number of asset objects unloaded after import = 1
========================================================================
Received Import Request.
  Time since last request: 0.029716 seconds.
  path: Assets/Chapter4/Materials/M_MaterialDrawer.mat
  artifactKey: Guid(1b50e863284f46e4fac83c70d8a92629) Importer(815301076,1909f56bfc062723c751e8b465ee728b)
Start importing Assets/Chapter4/Materials/M_MaterialDrawer.mat using Guid(1b50e863284f46e4fac83c70d8a92629) Importer(815301076,1909f56bfc062723c751e8b465ee728b)  -> (artifact id: '377a064231a7414fc7a8f1dc4c81aadb') in 0.016195 seconds
Number of updated asset objects reloaded before import = 0
Number of asset objects unloaded after import = 1
========================================================================
Received Import Request.
  Time since last request: 0.029180 seconds.
  path: Assets/Chapter4/Materials/M_Q1_1.mat
  artifactKey: Guid(2b54184386253c347bf0291f95dbaf29) Importer(815301076,1909f56bfc062723c751e8b465ee728b)
Start importing Assets/Chapter4/Materials/M_Q1_1.mat using Guid(2b54184386253c347bf0291f95dbaf29) Importer(815301076,1909f56bfc062723c751e8b465ee728b)  -> (artifact id: '3d040509535acbf6db343921b8b72c86') in 0.017645 seconds
Number of updated asset objects reloaded before import = 0
Number of asset objects unloaded after import = 1
========================================================================
Received Import Request.
  Time since last request: 0.000058 seconds.
  path: Assets/Chapter4/Materials/M_TextureShader.mat
  artifactKey: Guid(2df169f168e2ac54fbb68c199b43fabe) Importer(815301076,1909f56bfc062723c751e8b465ee728b)
Start importing Assets/Chapter4/Materials/M_TextureShader.mat using Guid(2df169f168e2ac54fbb68c199b43fabe) Importer(815301076,1909f56bfc062723c751e8b465ee728b)  -> (artifact id: 'c16412eeb38cc7dcbf5d2e4da5489eaf') in 0.009971 seconds
Number of updated asset objects reloaded before import = 0
Number of asset objects unloaded after import = 2
========================================================================
Received Import Request.
  Time since last request: 0.000019 seconds.
  path: Assets/Chapter4/Materials/M_VertexColor.mat
  artifactKey: Guid(25244ebd23aece7429873d563c54afe6) Importer(815301076,1909f56bfc062723c751e8b465ee728b)
Start importing Assets/Chapter4/Materials/M_VertexColor.mat using Guid(25244ebd23aece7429873d563c54afe6) Importer(815301076,1909f56bfc062723c751e8b465ee728b)  -> (artifact id: 'e0159b5e23c9ad5a59f361f342e3aa4d') in 0.005676 seconds
Number of updated asset objects reloaded before import = 0
Number of asset objects unloaded after import = 1
========================================================================
Received Import Request.
  Time since last request: 0.000060 seconds.
  path: Assets/Chapter4/Materials/M_Q0.mat
  artifactKey: Guid(fa01c67febbcc604cbec1e65ef1158fd) Importer(815301076,1909f56bfc062723c751e8b465ee728b)
Start importing Assets/Chapter4/Materials/M_Q0.mat using Guid(fa01c67febbcc604cbec1e65ef1158fd) Importer(815301076,1909f56bfc062723c751e8b465ee728b)  -> (artifact id: '6ff9f392ac843bbcc4fa6c9589491887') in 0.007736 seconds
Number of updated asset objects reloaded before import = 0
Number of asset objects unloaded after import = 1
========================================================================
Received Import Request.
  Time since last request: 0.000134 seconds.
  path: Assets/Chapter4/Materials/M_Icon.mat
  artifactKey: Guid(d87cbed25c7167e4f80c9a108b22550d) Importer(815301076,1909f56bfc062723c751e8b465ee728b)
Start importing Assets/Chapter4/Materials/M_Icon.mat using Guid(d87cbed25c7167e4f80c9a108b22550d) Importer(815301076,1909f56bfc062723c751e8b465ee728b)  -> (artifact id: '72d155c4ad7d427afbacf42e183983a3') in 0.006800 seconds
Number of updated asset objects reloaded before import = 0
Number of asset objects unloaded after import = 1
========================================================================
Received Import Request.
  Time since last request: 0.000090 seconds.
  path: Assets/Chapter4/Materials/M_CustomZ_2.mat
  artifactKey: Guid(e53e2521bdde6ca4fbf18735eea1a593) Importer(815301076,1909f56bfc062723c751e8b465ee728b)
Start importing Assets/Chapter4/Materials/M_CustomZ_2.mat using Guid(e53e2521bdde6ca4fbf18735eea1a593) Importer(815301076,1909f56bfc062723c751e8b465ee728b)  -> (artifact id: '50aa79bb80995424df227d7fad82b94d') in 0.006823 seconds
Number of updated asset objects reloaded before import = 0
Number of asset objects unloaded after import = 1
========================================================================
Received Import Request.
  Time since last request: 0.000026 seconds.
  path: Assets/Chapter4/Materials/M_Q3 1.mat
  artifactKey: Guid(624757af2b6c880428ebca4c80758a94) Importer(815301076,1909f56bfc062723c751e8b465ee728b)
Start importing Assets/Chapter4/Materials/M_Q3 1.mat using Guid(624757af2b6c880428ebca4c80758a94) Importer(815301076,1909f56bfc062723c751e8b465ee728b)  -> (artifact id: '0a82410c947d08daea5ae762dbc83c0a') in 0.207413 seconds
Number of updated asset objects reloaded before import = 0
Number of asset objects unloaded after import = 1
========================================================================
Received Import Request.
  Time since last request: 0.000034 seconds.
  path: Assets/Chapter4/Materials/M_CustomZ_1.mat
  artifactKey: Guid(a8787a80d727a5d4d8de9e736de43a02) Importer(815301076,1909f56bfc062723c751e8b465ee728b)
Start importing Assets/Chapter4/Materials/M_CustomZ_1.mat using Guid(a8787a80d727a5d4d8de9e736de43a02) Importer(815301076,1909f56bfc062723c751e8b465ee728b)  -> (artifact id: '97dcbc9aba2b749d826047fe175b9f8b') in 0.008088 seconds
Number of updated asset objects reloaded before import = 0
Number of asset objects unloaded after import = 1
========================================================================
Received Import Request.
  Time since last request: 0.000051 seconds.
  path: Assets/Chapter4/Materials/M_Q2 1.mat
  artifactKey: Guid(1512d2ad44196a94bbf1777c1324fea8) Importer(815301076,1909f56bfc062723c751e8b465ee728b)
Start importing Assets/Chapter4/Materials/M_Q2 1.mat using Guid(1512d2ad44196a94bbf1777c1324fea8) Importer(815301076,1909f56bfc062723c751e8b465ee728b)  -> (artifact id: 'b2ed989d21e5dc92609b9bd61e2ac139') in 0.201829 seconds
Number of updated asset objects reloaded before import = 0
Number of asset objects unloaded after import = 1
Editor requested this worker to shutdown with reason: Scaling down because of idle timeout
TcpMessagingSession - receive error: operation aborted. errorcode: 995, details: 由于线程退出或应用程序请求，已中止 I/O 操作。
AssetImportWorker is now disconnected from the server
Process exiting
Exiting without the bug reporter. Application will terminate with return code 0