Using pre-set license
Built from '2022.3/staging' branch; Version is '2022.3.6f1 (b9e6e7e9fa2d) revision 12183271'; Using compiler version '192829333'; Build Type 'Release'
OS: 'Windows 11  (10.0.22621) 64bit Professional' Language: 'zh' Physical Memory: 32681 MB
BatchMode: 1, IsHumanControllingUs: 0, StartBugReporterOnCrash: 0, Is64bit: 1, IsPro: 1

COMMAND LINE ARGUMENTS:
F:\Developent\Unity\Editor\2022.3.6f1\Editor\Unity.exe
-adb2
-batchMode
-noUpm
-name
AssetImportWorker4
-projectPath
F:/Developent/Unity/写书/BookProject/BookProject
-logFile
Logs/AssetImportWorker4.log
-srvPort
50511
Successfully changed project path to: F:/Developent/Unity/写书/BookProject/BookProject
F:/Developent/Unity/写书/BookProject/BookProject
[UnityMemory] Configuration Parameters - Can be set up in boot.config
    "memorysetup-bucket-allocator-granularity=16"
    "memorysetup-bucket-allocator-bucket-count=8"
    "memorysetup-bucket-allocator-block-size=33554432"
    "memorysetup-bucket-allocator-block-count=8"
    "memorysetup-main-allocator-block-size=16777216"
    "memorysetup-thread-allocator-block-size=16777216"
    "memorysetup-gfx-main-allocator-block-size=16777216"
    "memorysetup-gfx-thread-allocator-block-size=16777216"
    "memorysetup-cache-allocator-block-size=4194304"
    "memorysetup-typetree-allocator-block-size=2097152"
    "memorysetup-profiler-bucket-allocator-granularity=16"
    "memorysetup-profiler-bucket-allocator-bucket-count=8"
    "memorysetup-profiler-bucket-allocator-block-size=33554432"
    "memorysetup-profiler-bucket-allocator-block-count=8"
    "memorysetup-profiler-allocator-block-size=16777216"
    "memorysetup-profiler-editor-allocator-block-size=1048576"
    "memorysetup-temp-allocator-size-main=16777216"
    "memorysetup-job-temp-allocator-block-size=2097152"
    "memorysetup-job-temp-allocator-block-size-background=1048576"
    "memorysetup-job-temp-allocator-reduction-small-platforms=262144"
    "memorysetup-allocator-temp-initial-block-size-main=262144"
    "memorysetup-allocator-temp-initial-block-size-worker=262144"
    "memorysetup-temp-allocator-size-background-worker=32768"
    "memorysetup-temp-allocator-size-job-worker=262144"
    "memorysetup-temp-allocator-size-preload-manager=33554432"
    "memorysetup-temp-allocator-size-nav-mesh-worker=65536"
    "memorysetup-temp-allocator-size-audio-worker=65536"
    "memorysetup-temp-allocator-size-cloud-worker=32768"
    "memorysetup-temp-allocator-size-gi-baking-worker=262144"
    "memorysetup-temp-allocator-size-gfx=262144"
Player connection [4656] Host "[IP] 192.168.0.103 [Port] 0 [Flags] 2 [Guid] 1433850904 [EditorId] 1433850904 [Version] 1048832 [Id] WindowsEditor(7,DESKTOP-4QH7FA3) [Debug] 1 [PackageName] WindowsEditor [ProjectName] Editor" joined multi-casting on [225.0.0.222:54997]...

Player connection [4656] Host "[IP] 192.168.0.103 [Port] 0 [Flags] 2 [Guid] 1433850904 [EditorId] 1433850904 [Version] 1048832 [Id] WindowsEditor(7,DESKTOP-4QH7FA3) [Debug] 1 [PackageName] WindowsEditor [ProjectName] Editor" joined alternative multi-casting on [225.0.0.222:34997]...

Refreshing native plugins compatible for Editor in 2.42 ms, found 2 plugins.
Preloading 0 native plugins for Editor in 0.00 ms.
Initialize engine version: 2022.3.6f1 (b9e6e7e9fa2d)
[Subsystems] Discovering subsystems at path F:/Developent/Unity/Editor/2022.3.6f1/Editor/Data/Resources/UnitySubsystems
[Subsystems] Discovering subsystems at path F:/Developent/Unity/写书/BookProject/BookProject/Assets
GfxDevice: creating device client; threaded=0; jobified=0
Direct3D:
    Version:  Direct3D 11.0 [level 11.1]
    Renderer: NVIDIA GeForce RTX 3070 Ti (ID=0x2482)
    Vendor:   NVIDIA
    VRAM:     8031 MB
    Driver:   31.0.15.3141
Initialize mono
Mono path[0] = 'F:/Developent/Unity/Editor/2022.3.6f1/Editor/Data/Managed'
Mono path[1] = 'F:/Developent/Unity/Editor/2022.3.6f1/Editor/Data/MonoBleedingEdge/lib/mono/unityjit-win32'
Mono config path = 'F:/Developent/Unity/Editor/2022.3.6f1/Editor/Data/MonoBleedingEdge/etc'
Using monoOptions --debugger-agent=transport=dt_socket,embedding=1,server=y,suspend=n,address=127.0.0.1:56256
Begin MonoManager ReloadAssembly
Registering precompiled unity dll's ...
Register platform support module: F:/Developent/Unity/Editor/2022.3.6f1/Editor/Data/PlaybackEngines/AndroidPlayer/UnityEditor.Android.Extensions.dll
Register platform support module: F:/Developent/Unity/Editor/2022.3.6f1/Editor/Data/PlaybackEngines/WindowsStandaloneSupport/UnityEditor.WindowsStandalone.Extensions.dll
Registered in 0.003602 seconds.
- Loaded All Assemblies, in  0.256 seconds
Native extension for WindowsStandalone target not found
Native extension for Android target not found
Android Extension - Scanning For ADB Devices 459 ms
Mono: successfully reloaded assembly
- Finished resetting the current domain, in  0.707 seconds
Domain Reload Profiling: 962ms
	BeginReloadAssembly (64ms)
		ExecutionOrderSort (0ms)
		DisableScriptedObjects (0ms)
		BackupInstance (0ms)
		ReleaseScriptingObjects (0ms)
		CreateAndSetChildDomain (1ms)
	RebuildCommonClasses (28ms)
	RebuildNativeTypeToScriptingClass (8ms)
	initialDomainReloadingComplete (41ms)
	LoadAllAssembliesAndSetupDomain (114ms)
		LoadAssemblies (64ms)
		RebuildTransferFunctionScriptingTraits (0ms)
		AnalyzeDomain (111ms)
			TypeCache.Refresh (110ms)
				TypeCache.ScanAssembly (99ms)
			ScanForSourceGeneratedMonoScriptInfo (0ms)
			ResolveRequiredComponents (0ms)
	FinalizeReload (707ms)
		ReleaseScriptCaches (0ms)
		RebuildScriptCaches (0ms)
		SetupLoadedEditorAssemblies (662ms)
			LogAssemblyErrors (0ms)
			InitializePlatformSupportModulesInManaged (546ms)
			SetLoadedEditorAssemblies (3ms)
			RefreshPlugins (0ms)
			BeforeProcessingInitializeOnLoad (2ms)
			ProcessInitializeOnLoadAttributes (74ms)
			ProcessInitializeOnLoadMethodAttributes (38ms)
			AfterProcessingInitializeOnLoad (0ms)
			EditorAssembliesLoaded (0ms)
		ExecutionOrderSort2 (0ms)
		AwakeInstancesAfterBackupRestoration (0ms)
========================================================================
Worker process is ready to serve import requests
Begin MonoManager ReloadAssembly
- Loaded All Assemblies, in  0.428 seconds
Refreshing native plugins compatible for Editor in 0.77 ms, found 2 plugins.
Native extension for WindowsStandalone target not found
Native extension for Android target not found
Mono: successfully reloaded assembly
- Finished resetting the current domain, in  0.334 seconds
Domain Reload Profiling: 762ms
	BeginReloadAssembly (95ms)
		ExecutionOrderSort (0ms)
		DisableScriptedObjects (4ms)
		BackupInstance (0ms)
		ReleaseScriptingObjects (0ms)
		CreateAndSetChildDomain (20ms)
	RebuildCommonClasses (25ms)
	RebuildNativeTypeToScriptingClass (8ms)
	initialDomainReloadingComplete (27ms)
	LoadAllAssembliesAndSetupDomain (271ms)
		LoadAssemblies (166ms)
		RebuildTransferFunctionScriptingTraits (0ms)
		AnalyzeDomain (153ms)
			TypeCache.Refresh (145ms)
				TypeCache.ScanAssembly (135ms)
			ScanForSourceGeneratedMonoScriptInfo (6ms)
			ResolveRequiredComponents (2ms)
	FinalizeReload (335ms)
		ReleaseScriptCaches (0ms)
		RebuildScriptCaches (0ms)
		SetupLoadedEditorAssemblies (228ms)
			LogAssemblyErrors (0ms)
			InitializePlatformSupportModulesInManaged (16ms)
			SetLoadedEditorAssemblies (3ms)
			RefreshPlugins (0ms)
			BeforeProcessingInitializeOnLoad (31ms)
			ProcessInitializeOnLoadAttributes (160ms)
			ProcessInitializeOnLoadMethodAttributes (16ms)
			AfterProcessingInitializeOnLoad (2ms)
			EditorAssembliesLoaded (0ms)
		ExecutionOrderSort2 (0ms)
		AwakeInstancesAfterBackupRestoration (5ms)
Launched and connected shader compiler UnityShaderCompiler.exe after 0.08 seconds
Refreshing native plugins compatible for Editor in 1.14 ms, found 2 plugins.
Preloading 0 native plugins for Editor in 0.00 ms.
Unloading 1582 Unused Serialized files (Serialized files now loaded: 0)
Unloading 33 unused Assets / (1.3 MB). Loaded Objects now: 2075.
Memory consumption went from 123.9 MB to 122.7 MB.
Total: 2.728700 ms (FindLiveObjects: 0.142800 ms CreateObjectMapping: 0.044000 ms MarkObjects: 2.250800 ms  DeleteObjects: 0.290400 ms)

AssetImportParameters requested are different than current active one (requested -> active):
  custom:video-encoder-webm-vp8: eb34c28f22e8b96e1ab97ce403110664 -> 
  custom:video-decoder-webm-vp8: 9c59270c3fd7afecdb556c50c9e8de78 -> 
  custom:audio-decoder-ogg-vorbis: bf7c407c2cedff20999df2af8eb42d56 -> 
  custom:SearchIndexIgnoredProperties: e643bd26f0fe6173181afceb89e7c659 -> 
  custom:container-demuxer-ogg: 62fdf1f143b41e24485cea50d1cbac27 -> 
  custom:AudioImporter_EditorPlatform: d09bf68614088b80899f8185d706f6e7 -> 
  custom:CustomObjectIndexerAttribute: 756ad292c208cfabdd7b50bc23989ffe -> 
  custom:container-demuxer-webm: 4f35f7cbe854078d1ac9338744f61a02 -> 
  custom:video-decoder-ogg-theora: a1e56fd34408186e4bbccfd4996cb3dc -> 
  custom:audio-encoder-webm-vorbis: bf7c407c2cedff20999df2af8eb42d56 -> 
  custom:framework-win-MediaFoundation: 216162199b28c13a410421893ffa2e32 -> 
  custom:container-muxer-webm: aa71ff27fc2769a1b78a27578f13a17b -> 
========================================================================
Received Import Request.
  Time since last request: 58489.177254 seconds.
  path: Assets/Chapter5/ImageEffectShader.shader
  artifactKey: Guid(f9b9810d6bca6974e9dfd6b83e5f8902) Importer(815301076,1909f56bfc062723c751e8b465ee728b)
Start importing Assets/Chapter5/ImageEffectShader.shader using Guid(f9b9810d6bca6974e9dfd6b83e5f8902) Importer(815301076,1909f56bfc062723c751e8b465ee728b)  -> (artifact id: '120d63488858b0bdddc57ef38934cf78') in 0.010828 seconds
Number of updated asset objects reloaded before import = 1
Number of asset objects unloaded after import = 0
========================================================================
Received Import Request.
  Time since last request: 1.495500 seconds.
  path: Assets/Chapter5/CameraDepth.shader
  artifactKey: Guid(f9b9810d6bca6974e9dfd6b83e5f8902) Importer(815301076,1909f56bfc062723c751e8b465ee728b)
Start importing Assets/Chapter5/CameraDepth.shader using Guid(f9b9810d6bca6974e9dfd6b83e5f8902) Importer(815301076,1909f56bfc062723c751e8b465ee728b)  -> (artifact id: '67af3b32eaf7517d91dc32183141897f') in 0.000576 seconds
Number of updated asset objects reloaded before import = 1
Number of asset objects unloaded after import = 0
========================================================================
Received Import Request.
  Time since last request: 120.815933 seconds.
  path: Assets/Chapter5/CustomEmi.cs
  artifactKey: Guid(feb62e9eac393bb46bb82dcf069b1315) Importer(815301076,1909f56bfc062723c751e8b465ee728b)
Start importing Assets/Chapter5/CustomEmi.cs using Guid(feb62e9eac393bb46bb82dcf069b1315) Importer(815301076,1909f56bfc062723c751e8b465ee728b)  -> (artifact id: 'f0dd8443d270d1c75cd979dddbf409df') in 0.000396 seconds
Number of updated asset objects reloaded before import = 0
Number of asset objects unloaded after import = 0
========================================================================
Received Prepare
Begin MonoManager ReloadAssembly
- Loaded All Assemblies, in  0.391 seconds
Refreshing native plugins compatible for Editor in 0.85 ms, found 2 plugins.
Native extension for WindowsStandalone target not found
Native extension for Android target not found
Mono: successfully reloaded assembly
- Finished resetting the current domain, in  0.430 seconds
Domain Reload Profiling: 821ms
	BeginReloadAssembly (107ms)
		ExecutionOrderSort (0ms)
		DisableScriptedObjects (4ms)
		BackupInstance (0ms)
		ReleaseScriptingObjects (0ms)
		CreateAndSetChildDomain (31ms)
	RebuildCommonClasses (23ms)
	RebuildNativeTypeToScriptingClass (8ms)
	initialDomainReloadingComplete (18ms)
	LoadAllAssembliesAndSetupDomain (235ms)
		LoadAssemblies (144ms)
		RebuildTransferFunctionScriptingTraits (0ms)
		AnalyzeDomain (139ms)
			TypeCache.Refresh (136ms)
				TypeCache.ScanAssembly (128ms)
			ScanForSourceGeneratedMonoScriptInfo (2ms)
			ResolveRequiredComponents (2ms)
	FinalizeReload (430ms)
		ReleaseScriptCaches (0ms)
		RebuildScriptCaches (0ms)
		SetupLoadedEditorAssemblies (222ms)
			LogAssemblyErrors (0ms)
			InitializePlatformSupportModulesInManaged (15ms)
			SetLoadedEditorAssemblies (3ms)
			RefreshPlugins (0ms)
			BeforeProcessingInitializeOnLoad (31ms)
			ProcessInitializeOnLoadAttributes (156ms)
			ProcessInitializeOnLoadMethodAttributes (14ms)
			AfterProcessingInitializeOnLoad (2ms)
			EditorAssembliesLoaded (0ms)
		ExecutionOrderSort2 (0ms)
		AwakeInstancesAfterBackupRestoration (6ms)
Refreshing native plugins compatible for Editor in 1.40 ms, found 2 plugins.
Preloading 0 native plugins for Editor in 0.00 ms.
Unloading 1497 Unused Serialized files (Serialized files now loaded: 0)
Unloading 28 unused Assets / (1.3 MB). Loaded Objects now: 2078.
Memory consumption went from 104.1 MB to 102.9 MB.
Total: 2.607000 ms (FindLiveObjects: 0.116000 ms CreateObjectMapping: 0.033400 ms MarkObjects: 2.200300 ms  DeleteObjects: 0.256600 ms)

Prepare: number of updated asset objects reloaded= 0
AssetImportParameters requested are different than current active one (requested -> active):
  custom:video-encoder-webm-vp8: eb34c28f22e8b96e1ab97ce403110664 -> 
  custom:video-decoder-webm-vp8: 9c59270c3fd7afecdb556c50c9e8de78 -> 
  custom:audio-decoder-ogg-vorbis: bf7c407c2cedff20999df2af8eb42d56 -> 
  custom:SearchIndexIgnoredProperties: e643bd26f0fe6173181afceb89e7c659 -> 
  custom:container-demuxer-ogg: 62fdf1f143b41e24485cea50d1cbac27 -> 
  custom:AudioImporter_EditorPlatform: d09bf68614088b80899f8185d706f6e7 -> 
  custom:CustomObjectIndexerAttribute: 756ad292c208cfabdd7b50bc23989ffe -> 
  custom:container-demuxer-webm: 4f35f7cbe854078d1ac9338744f61a02 -> 
  custom:video-decoder-ogg-theora: a1e56fd34408186e4bbccfd4996cb3dc -> 
  custom:audio-encoder-webm-vorbis: bf7c407c2cedff20999df2af8eb42d56 -> 
  custom:framework-win-MediaFoundation: 216162199b28c13a410421893ffa2e32 -> 
  custom:container-muxer-webm: aa71ff27fc2769a1b78a27578f13a17b -> 
========================================================================
Received Import Request.
  Time since last request: 36.247217 seconds.
  path: Assets/Chapter5/LightMapMenu.cs
  artifactKey: Guid(04fbad86e84140d4a9a3622a30c82d76) Importer(815301076,1909f56bfc062723c751e8b465ee728b)
Start importing Assets/Chapter5/LightMapMenu.cs using Guid(04fbad86e84140d4a9a3622a30c82d76) Importer(815301076,1909f56bfc062723c751e8b465ee728b)  -> (artifact id: 'bee5e45bd27296d00c7a2142308263d7') in 0.002335 seconds
Number of updated asset objects reloaded before import = 0
Number of asset objects unloaded after import = 0
========================================================================
Received Prepare
Begin MonoManager ReloadAssembly
- Loaded All Assemblies, in  0.373 seconds
Refreshing native plugins compatible for Editor in 0.91 ms, found 2 plugins.
Native extension for WindowsStandalone target not found
Native extension for Android target not found
Mono: successfully reloaded assembly
- Finished resetting the current domain, in  0.405 seconds
Domain Reload Profiling: 779ms
	BeginReloadAssembly (102ms)
		ExecutionOrderSort (0ms)
		DisableScriptedObjects (4ms)
		BackupInstance (0ms)
		ReleaseScriptingObjects (0ms)
		CreateAndSetChildDomain (27ms)
	RebuildCommonClasses (23ms)
	RebuildNativeTypeToScriptingClass (8ms)
	initialDomainReloadingComplete (20ms)
	LoadAllAssembliesAndSetupDomain (221ms)
		LoadAssemblies (141ms)
		RebuildTransferFunctionScriptingTraits (0ms)
		AnalyzeDomain (127ms)
			TypeCache.Refresh (123ms)
				TypeCache.ScanAssembly (116ms)
			ScanForSourceGeneratedMonoScriptInfo (2ms)
			ResolveRequiredComponents (2ms)
	FinalizeReload (406ms)
		ReleaseScriptCaches (0ms)
		RebuildScriptCaches (0ms)
		SetupLoadedEditorAssemblies (215ms)
			LogAssemblyErrors (0ms)
			InitializePlatformSupportModulesInManaged (15ms)
			SetLoadedEditorAssemblies (3ms)
			RefreshPlugins (0ms)
			BeforeProcessingInitializeOnLoad (32ms)
			ProcessInitializeOnLoadAttributes (148ms)
			ProcessInitializeOnLoadMethodAttributes (14ms)
			AfterProcessingInitializeOnLoad (2ms)
			EditorAssembliesLoaded (0ms)
		ExecutionOrderSort2 (0ms)
		AwakeInstancesAfterBackupRestoration (5ms)
Refreshing native plugins compatible for Editor in 1.32 ms, found 2 plugins.
Preloading 0 native plugins for Editor in 0.00 ms.
Unloading 1496 Unused Serialized files (Serialized files now loaded: 0)
Unloading 28 unused Assets / (1.3 MB). Loaded Objects now: 2080.
Memory consumption went from 104.1 MB to 102.8 MB.
Total: 2.785100 ms (FindLiveObjects: 0.145200 ms CreateObjectMapping: 0.035300 ms MarkObjects: 2.367200 ms  DeleteObjects: 0.236400 ms)

Prepare: number of updated asset objects reloaded= 0
AssetImportParameters requested are different than current active one (requested -> active):
  custom:video-encoder-webm-vp8: eb34c28f22e8b96e1ab97ce403110664 -> 
  custom:video-decoder-webm-vp8: 9c59270c3fd7afecdb556c50c9e8de78 -> 
  custom:audio-decoder-ogg-vorbis: bf7c407c2cedff20999df2af8eb42d56 -> 
  custom:SearchIndexIgnoredProperties: e643bd26f0fe6173181afceb89e7c659 -> 
  custom:container-demuxer-ogg: 62fdf1f143b41e24485cea50d1cbac27 -> 
  custom:AudioImporter_EditorPlatform: d09bf68614088b80899f8185d706f6e7 -> 
  custom:CustomObjectIndexerAttribute: 756ad292c208cfabdd7b50bc23989ffe -> 
  custom:container-demuxer-webm: 4f35f7cbe854078d1ac9338744f61a02 -> 
  custom:video-decoder-ogg-theora: a1e56fd34408186e4bbccfd4996cb3dc -> 
  custom:audio-encoder-webm-vorbis: bf7c407c2cedff20999df2af8eb42d56 -> 
  custom:framework-win-MediaFoundation: 216162199b28c13a410421893ffa2e32 -> 
  custom:container-muxer-webm: aa71ff27fc2769a1b78a27578f13a17b -> 
========================================================================
Received Import Request.
  Time since last request: 52.284876 seconds.
  path: Assets/Chapter5/TestSH.shader
  artifactKey: Guid(c78b79f3d6c35d84d9a78baf315c3e8a) Importer(815301076,1909f56bfc062723c751e8b465ee728b)
Start importing Assets/Chapter5/TestSH.shader using Guid(c78b79f3d6c35d84d9a78baf315c3e8a) Importer(815301076,1909f56bfc062723c751e8b465ee728b)  -> (artifact id: 'f3c390bbe6e191b132543c0d5bf08a05') in 0.006548 seconds
Number of updated asset objects reloaded before import = 0
Number of asset objects unloaded after import = 0
========================================================================
Received Import Request.
  Time since last request: 91.851055 seconds.
  path: Assets/Chapter5/TestSH.shader
  artifactKey: Guid(c78b79f3d6c35d84d9a78baf315c3e8a) Importer(815301076,1909f56bfc062723c751e8b465ee728b)
Start importing Assets/Chapter5/TestSH.shader using Guid(c78b79f3d6c35d84d9a78baf315c3e8a) Importer(815301076,1909f56bfc062723c751e8b465ee728b)  -> (artifact id: '7093a053fb29ae3cfadedcd0b3af826f') in 0.000743 seconds
Number of updated asset objects reloaded before import = 1
Number of asset objects unloaded after import = 0
========================================================================
Received Import Request.
  Time since last request: 17.094278 seconds.
  path: Assets/Chapter5/TestSH.shader
  artifactKey: Guid(c78b79f3d6c35d84d9a78baf315c3e8a) Importer(815301076,1909f56bfc062723c751e8b465ee728b)
Start importing Assets/Chapter5/TestSH.shader using Guid(c78b79f3d6c35d84d9a78baf315c3e8a) Importer(815301076,1909f56bfc062723c751e8b465ee728b)  -> (artifact id: '36d701a1ed2c993d62bc65687831a622') in 0.000608 seconds
Number of updated asset objects reloaded before import = 1
Number of asset objects unloaded after import = 0
========================================================================
Received Import Request.
  Time since last request: 35.474666 seconds.
  path: Assets/Chapter5/TestMaterial
  artifactKey: Guid(2c14541496a2b8d4fb1c8e0c1d5ab9e5) Importer(815301076,1909f56bfc062723c751e8b465ee728b)
Start importing Assets/Chapter5/TestMaterial using Guid(2c14541496a2b8d4fb1c8e0c1d5ab9e5) Importer(815301076,1909f56bfc062723c751e8b465ee728b)  -> (artifact id: '0db1a3cbded0898ea21debe48d508be9') in 0.000405 seconds
Number of updated asset objects reloaded before import = 1
Number of asset objects unloaded after import = 0
========================================================================
Received Import Request.
  Time since last request: 0.076043 seconds.
  path: Assets/Chapter5/TestMaterial/New Material 2.mat
  artifactKey: Guid(bf0fd21daa91de9478b4baa864b4fee3) Importer(815301076,1909f56bfc062723c751e8b465ee728b)
Start importing Assets/Chapter5/TestMaterial/New Material 2.mat using Guid(bf0fd21daa91de9478b4baa864b4fee3) Importer(815301076,1909f56bfc062723c751e8b465ee728b)  -> (artifact id: '3b3c7766955e817d6235472720c19cf9') in 0.056733 seconds
Number of updated asset objects reloaded before import = 0
Number of asset objects unloaded after import = 1
========================================================================
Received Import Request.
  Time since last request: 0.000014 seconds.
  path: Assets/Chapter5/TestMaterial/New Material 4.mat
  artifactKey: Guid(592998660d23e6c49ace51fb85f16757) Importer(815301076,1909f56bfc062723c751e8b465ee728b)
Start importing Assets/Chapter5/TestMaterial/New Material 4.mat using Guid(592998660d23e6c49ace51fb85f16757) Importer(815301076,1909f56bfc062723c751e8b465ee728b)  -> (artifact id: 'b31474d0275e79ef3aa518eb40bb90c3') in 0.007785 seconds
Number of updated asset objects reloaded before import = 0
Number of asset objects unloaded after import = 1
========================================================================
Received Import Request.
  Time since last request: 2.768047 seconds.
  path: Assets/Chapter5/Materials
  artifactKey: Guid(0a77dfb03437ab34888648870e784c63) Importer(815301076,1909f56bfc062723c751e8b465ee728b)
Start importing Assets/Chapter5/Materials using Guid(0a77dfb03437ab34888648870e784c63) Importer(815301076,1909f56bfc062723c751e8b465ee728b)  -> (artifact id: '58d4768a1568657922180bfe7c3ca800') in 0.000360 seconds
Number of updated asset objects reloaded before import = 0
Number of asset objects unloaded after import = 0
========================================================================
Received Import Request.
  Time since last request: 0.084709 seconds.
  path: Assets/Chapter5/Materials/M_NewImageEffectShader.mat
  artifactKey: Guid(6f24675308caca645aa3c755d05bcbc0) Importer(815301076,1909f56bfc062723c751e8b465ee728b)
Start importing Assets/Chapter5/Materials/M_NewImageEffectShader.mat using Guid(6f24675308caca645aa3c755d05bcbc0) Importer(815301076,1909f56bfc062723c751e8b465ee728b)  -> (artifact id: '6165b320371d31d91edf2bcca80ce49d') in 0.022925 seconds
Number of updated asset objects reloaded before import = 0
Number of asset objects unloaded after import = 1
========================================================================
Received Import Request.
  Time since last request: 5.698900 seconds.
  path: Assets/Chapter5/Materials/M_SphericalHarmonicsLighting.mat
  artifactKey: Guid(f1caec7c6852e1544a7b795d2b90ca31) Importer(815301076,1909f56bfc062723c751e8b465ee728b)
Start importing Assets/Chapter5/Materials/M_SphericalHarmonicsLighting.mat using Guid(f1caec7c6852e1544a7b795d2b90ca31) Importer(815301076,1909f56bfc062723c751e8b465ee728b)  -> (artifact id: 'effc1a85ac875996836d9960fa3420c1') in 0.023993 seconds
Number of updated asset objects reloaded before import = 0
Number of asset objects unloaded after import = 1
========================================================================
Received Import Request.
  Time since last request: 3.540526 seconds.
  path: Assets/Textures/Bumps/Marble Normals.png
  artifactKey: Guid(d38a4f30d413745adaf12f60ca54997d) Importer(815301076,1909f56bfc062723c751e8b465ee728b)
Start importing Assets/Textures/Bumps/Marble Normals.png using Guid(d38a4f30d413745adaf12f60ca54997d) Importer(815301076,1909f56bfc062723c751e8b465ee728b)  -> (artifact id: '612f1442d3b06af0e5c3aef828c672a3') in 0.014734 seconds
Number of updated asset objects reloaded before import = 0
Number of asset objects unloaded after import = 2
========================================================================
Received Import Request.
  Time since last request: 7.123498 seconds.
  path: Assets/Chapter5/Materials/M_CameraDepth.mat
  artifactKey: Guid(6f24675308caca645aa3c755d05bcbc0) Importer(815301076,1909f56bfc062723c751e8b465ee728b)
Start importing Assets/Chapter5/Materials/M_CameraDepth.mat using Guid(6f24675308caca645aa3c755d05bcbc0) Importer(815301076,1909f56bfc062723c751e8b465ee728b)  -> (artifact id: 'f3a97add7da5ebdf4cb48a231b83a282') in 0.004191 seconds
Number of updated asset objects reloaded before import = 0
Number of asset objects unloaded after import = 1
========================================================================
Received Import Request.
  Time since last request: 178.650519 seconds.
  path: Assets/Chapter5/Glass
  artifactKey: Guid(1d1a83dddf951a24aadfe7fda02d757e) Importer(815301076,1909f56bfc062723c751e8b465ee728b)
Start importing Assets/Chapter5/Glass using Guid(1d1a83dddf951a24aadfe7fda02d757e) Importer(815301076,1909f56bfc062723c751e8b465ee728b)  -> (artifact id: 'c00859288b30a0a359fa8e0c374036cf') in 0.000461 seconds
Number of updated asset objects reloaded before import = 1
Number of asset objects unloaded after import = 0
========================================================================
Received Import Request.
  Time since last request: 9.974425 seconds.
  path: Assets/Chapter5/RimLight
  artifactKey: Guid(16a6612be8597b24795676484d11ea03) Importer(815301076,1909f56bfc062723c751e8b465ee728b)
Start importing Assets/Chapter5/RimLight using Guid(16a6612be8597b24795676484d11ea03) Importer(815301076,1909f56bfc062723c751e8b465ee728b)  -> (artifact id: 'd6d32df1ee5bbf247c0a18f4f71ccc32') in 0.000667 seconds
Number of updated asset objects reloaded before import = 0
Number of asset objects unloaded after import = 0
========================================================================
Received Import Request.
  Time since last request: 9.213018 seconds.
  path: Assets/Chapter5/Glass/Glass.fbx
  artifactKey: Guid(fbb40c5e356918e45ba2ee424d5f9055) Importer(815301076,1909f56bfc062723c751e8b465ee728b)
Start importing Assets/Chapter5/Glass/Glass.fbx using Guid(fbb40c5e356918e45ba2ee424d5f9055) Importer(815301076,1909f56bfc062723c751e8b465ee728b)  -> (artifact id: 'b8629f5feb651e531c453f04bc5127e4') in 0.039057 seconds
Number of updated asset objects reloaded before import = 0
Number of asset objects unloaded after import = 7
========================================================================
Received Import Request.
  Time since last request: 0.000012 seconds.
  path: Assets/Chapter5/Glass/Unlit_glasstest.mat
  artifactKey: Guid(ed206580dd59442459ac604e1fef55d6) Importer(815301076,1909f56bfc062723c751e8b465ee728b)
Start importing Assets/Chapter5/Glass/Unlit_glasstest.mat using Guid(ed206580dd59442459ac604e1fef55d6) Importer(815301076,1909f56bfc062723c751e8b465ee728b)  -> (artifact id: 'aa8072b0f9f66ce29c5322284dc7cb8a') in 0.071902 seconds
Number of updated asset objects reloaded before import = 0
Number of asset objects unloaded after import = 1
========================================================================
Received Import Request.
  Time since last request: 5.474717 seconds.
  path: Assets/Chapter5/Glass/GlassScene.unity
  artifactKey: Guid(97fc8f39502da7740a0482cb17705c26) Importer(815301076,1909f56bfc062723c751e8b465ee728b)
Start importing Assets/Chapter5/Glass/GlassScene.unity using Guid(97fc8f39502da7740a0482cb17705c26) Importer(815301076,1909f56bfc062723c751e8b465ee728b)  -> (artifact id: '06e3ddba30a6517feec94c2499864d66') in 0.000368 seconds
Number of updated asset objects reloaded before import = 0
Number of asset objects unloaded after import = 0
========================================================================
Received Import Request.
  Time since last request: 41.422340 seconds.
  path: Assets/Chapter5/Lighting
  artifactKey: Guid(b6d6d3e6102aa3e4db9113a1420ee8be) Importer(815301076,1909f56bfc062723c751e8b465ee728b)
Start importing Assets/Chapter5/Lighting using Guid(b6d6d3e6102aa3e4db9113a1420ee8be) Importer(815301076,1909f56bfc062723c751e8b465ee728b)  -> (artifact id: '0766bc3850f8261f724b7ec2f826208b') in 0.000582 seconds
Number of updated asset objects reloaded before import = 0
Number of asset objects unloaded after import = 0
========================================================================
Received Import Request.
  Time since last request: 28.843838 seconds.
  path: Assets/Chapter5/CameraDepth.cs
  artifactKey: Guid(08d34a9aa7e571545ab268bcd6b07d86) Importer(815301076,1909f56bfc062723c751e8b465ee728b)
Start importing Assets/Chapter5/CameraDepth.cs using Guid(08d34a9aa7e571545ab268bcd6b07d86) Importer(815301076,1909f56bfc062723c751e8b465ee728b)  -> (artifact id: 'a59c89173ed7a38fbe9c8cdeee42df41') in 0.000413 seconds
Number of updated asset objects reloaded before import = 0
Number of asset objects unloaded after import = 0
========================================================================
Received Import Request.
  Time since last request: 131.000427 seconds.
  path: Assets/Chapter5/Normalmap.shader
  artifactKey: Guid(c7388e2046e08b24398168c102eda08d) Importer(815301076,1909f56bfc062723c751e8b465ee728b)
Start importing Assets/Chapter5/Normalmap.shader using Guid(c7388e2046e08b24398168c102eda08d) Importer(815301076,1909f56bfc062723c751e8b465ee728b)  -> (artifact id: 'f74a2bb683e4ffb716415023f6ac4e36') in 0.000693 seconds
Number of updated asset objects reloaded before import = 1
Number of asset objects unloaded after import = 0
========================================================================
Received Import Request.
  Time since last request: 11.553118 seconds.
  path: Assets/Chapter5/Normalmap
  artifactKey: Guid(28873bfde062c254cb27fdd3d2fc4823) Importer(815301076,1909f56bfc062723c751e8b465ee728b)
Start importing Assets/Chapter5/Normalmap using Guid(28873bfde062c254cb27fdd3d2fc4823) Importer(815301076,1909f56bfc062723c751e8b465ee728b)  -> (artifact id: 'e9240684ec439d772080b30576c5d5ca') in 0.000536 seconds
Number of updated asset objects reloaded before import = 1
Number of asset objects unloaded after import = 0
========================================================================
Received Import Request.
  Time since last request: 61.937967 seconds.
  path: Assets/Chapter5/Lighting/Models
  artifactKey: Guid(257ea867d859d04488c0af31f4a52186) Importer(815301076,1909f56bfc062723c751e8b465ee728b)
Start importing Assets/Chapter5/Lighting/Models using Guid(257ea867d859d04488c0af31f4a52186) Importer(815301076,1909f56bfc062723c751e8b465ee728b)  -> (artifact id: '93da452aab0fd450680238cd328137c1') in 0.000368 seconds
Number of updated asset objects reloaded before import = 0
Number of asset objects unloaded after import = 0
========================================================================
Received Import Request.
  Time since last request: 0.113527 seconds.
  path: Assets/Chapter5/Lighting/Models/Cone.fbx
  artifactKey: Guid(bb0f20335a1ed9b4883916710003b9e1) Importer(815301076,1909f56bfc062723c751e8b465ee728b)
Start importing Assets/Chapter5/Lighting/Models/Cone.fbx using Guid(bb0f20335a1ed9b4883916710003b9e1) Importer(815301076,1909f56bfc062723c751e8b465ee728b)  -> (artifact id: 'cdf9ffa1a5a0f8e5120dc35411c201b8') in 0.008659 seconds
Number of updated asset objects reloaded before import = 0
Number of asset objects unloaded after import = 7
========================================================================
Received Import Request.
  Time since last request: 6.802442 seconds.
  path: Assets/Chapter5/Lighting/TestScene.unity
  artifactKey: Guid(97b8ddbb48a956f4695d24605746eab8) Importer(815301076,1909f56bfc062723c751e8b465ee728b)
Start importing Assets/Chapter5/Lighting/TestScene.unity using Guid(97b8ddbb48a956f4695d24605746eab8) Importer(815301076,1909f56bfc062723c751e8b465ee728b)  -> (artifact id: 'e2108f8020db27899cd6949eb11ed26c') in 0.000531 seconds
Number of updated asset objects reloaded before import = 0
Number of asset objects unloaded after import = 0
========================================================================
Received Import Request.
  Time since last request: 6.235600 seconds.
  path: Assets/Chapter5/Lighting/Materials/M_ndlNormalmap.mat
  artifactKey: Guid(bff9fdef5b4ede348bd0943bab2fba76) Importer(815301076,1909f56bfc062723c751e8b465ee728b)
Start importing Assets/Chapter5/Lighting/Materials/M_ndlNormalmap.mat using Guid(bff9fdef5b4ede348bd0943bab2fba76) Importer(815301076,1909f56bfc062723c751e8b465ee728b)  -> (artifact id: '52da329ee4b06793d4df7bc45aebb8fc') in 0.038313 seconds
Number of updated asset objects reloaded before import = 0
Number of asset objects unloaded after import = 2
========================================================================
Received Prepare
Begin MonoManager ReloadAssembly
- Loaded All Assemblies, in  0.388 seconds
Refreshing native plugins compatible for Editor in 0.82 ms, found 2 plugins.
Native extension for WindowsStandalone target not found
Native extension for Android target not found
Mono: successfully reloaded assembly
- Finished resetting the current domain, in  0.435 seconds
Domain Reload Profiling: 822ms
	BeginReloadAssembly (106ms)
		ExecutionOrderSort (0ms)
		DisableScriptedObjects (3ms)
		BackupInstance (0ms)
		ReleaseScriptingObjects (0ms)
		CreateAndSetChildDomain (31ms)
	RebuildCommonClasses (23ms)
	RebuildNativeTypeToScriptingClass (8ms)
	initialDomainReloadingComplete (20ms)
	LoadAllAssembliesAndSetupDomain (230ms)
		LoadAssemblies (145ms)
		RebuildTransferFunctionScriptingTraits (0ms)
		AnalyzeDomain (131ms)
			TypeCache.Refresh (127ms)
				TypeCache.ScanAssembly (119ms)
			ScanForSourceGeneratedMonoScriptInfo (2ms)
			ResolveRequiredComponents (2ms)
	FinalizeReload (435ms)
		ReleaseScriptCaches (0ms)
		RebuildScriptCaches (0ms)
		SetupLoadedEditorAssemblies (219ms)
			LogAssemblyErrors (0ms)
			InitializePlatformSupportModulesInManaged (16ms)
			SetLoadedEditorAssemblies (3ms)
			RefreshPlugins (0ms)
			BeforeProcessingInitializeOnLoad (32ms)
			ProcessInitializeOnLoadAttributes (150ms)
			ProcessInitializeOnLoadMethodAttributes (14ms)
			AfterProcessingInitializeOnLoad (2ms)
			EditorAssembliesLoaded (0ms)
		ExecutionOrderSort2 (0ms)
		AwakeInstancesAfterBackupRestoration (6ms)
Refreshing native plugins compatible for Editor in 1.12 ms, found 2 plugins.
Preloading 0 native plugins for Editor in 0.00 ms.
Unloading 1495 Unused Serialized files (Serialized files now loaded: 0)
Unloading 27 unused Assets / (1.3 MB). Loaded Objects now: 2128.
Memory consumption went from 104.6 MB to 103.4 MB.
Total: 2.746000 ms (FindLiveObjects: 0.122200 ms CreateObjectMapping: 0.035200 ms MarkObjects: 2.276800 ms  DeleteObjects: 0.310900 ms)

Prepare: number of updated asset objects reloaded= 0
AssetImportParameters requested are different than current active one (requested -> active):
  custom:video-encoder-webm-vp8: eb34c28f22e8b96e1ab97ce403110664 -> 
  custom:video-decoder-webm-vp8: 9c59270c3fd7afecdb556c50c9e8de78 -> 
  custom:audio-decoder-ogg-vorbis: bf7c407c2cedff20999df2af8eb42d56 -> 
  custom:SearchIndexIgnoredProperties: e643bd26f0fe6173181afceb89e7c659 -> 
  custom:container-demuxer-ogg: 62fdf1f143b41e24485cea50d1cbac27 -> 
  custom:AudioImporter_EditorPlatform: d09bf68614088b80899f8185d706f6e7 -> 
  custom:CustomObjectIndexerAttribute: 756ad292c208cfabdd7b50bc23989ffe -> 
  custom:container-demuxer-webm: 4f35f7cbe854078d1ac9338744f61a02 -> 
  custom:video-decoder-ogg-theora: a1e56fd34408186e4bbccfd4996cb3dc -> 
  custom:audio-encoder-webm-vorbis: bf7c407c2cedff20999df2af8eb42d56 -> 
  custom:framework-win-MediaFoundation: 216162199b28c13a410421893ffa2e32 -> 
  custom:container-muxer-webm: aa71ff27fc2769a1b78a27578f13a17b -> 
========================================================================
Received Import Request.
  Time since last request: 75.547317 seconds.
  path: Assets/Chapter6/Material/M_Explode.mat
  artifactKey: Guid(cbc3bc6f68cc2c143b8abcfcfae7e0f0) Importer(815301076,1909f56bfc062723c751e8b465ee728b)
Start importing Assets/Chapter6/Material/M_Explode.mat using Guid(cbc3bc6f68cc2c143b8abcfcfae7e0f0) Importer(815301076,1909f56bfc062723c751e8b465ee728b)  -> (artifact id: '280d4917d05d0bff142f569c219f9773') in 0.056692 seconds
Number of updated asset objects reloaded before import = 1
Number of asset objects unloaded after import = 1
========================================================================
Received Import Request.
  Time since last request: 0.011734 seconds.
  path: Assets/Chapter6/Material/M_QuadTess.mat
  artifactKey: Guid(1d9fa47e0a94d054db210158e52602bd) Importer(815301076,1909f56bfc062723c751e8b465ee728b)
Start importing Assets/Chapter6/Material/M_QuadTess.mat using Guid(1d9fa47e0a94d054db210158e52602bd) Importer(815301076,1909f56bfc062723c751e8b465ee728b)  -> (artifact id: '0134b51458cad34d4c9343a1fc774926') in 0.074648 seconds
Number of updated asset objects reloaded before import = 0
Number of asset objects unloaded after import = 1
========================================================================
Received Import Request.
  Time since last request: 0.000040 seconds.
  path: Assets/Chapter6/Material/M_RimLight_1.mat
  artifactKey: Guid(8e9aa33731bff3d49a746b04e94600e8) Importer(815301076,1909f56bfc062723c751e8b465ee728b)
Start importing Assets/Chapter6/Material/M_RimLight_1.mat using Guid(8e9aa33731bff3d49a746b04e94600e8) Importer(815301076,1909f56bfc062723c751e8b465ee728b)  -> (artifact id: 'd8b78c48059c055d5d298aadfc4dcb4e') in 0.013026 seconds
Number of updated asset objects reloaded before import = 0
Number of asset objects unloaded after import = 1
========================================================================
Received Import Request.
  Time since last request: 0.000053 seconds.
  path: Assets/Chapter6/Material/M_GeoShader 1.mat
  artifactKey: Guid(7dafa940a0a4a3c468b7f20d7ecd68fc) Importer(815301076,1909f56bfc062723c751e8b465ee728b)
Start importing Assets/Chapter6/Material/M_GeoShader 1.mat using Guid(7dafa940a0a4a3c468b7f20d7ecd68fc) Importer(815301076,1909f56bfc062723c751e8b465ee728b)  -> (artifact id: '0d85a12c4b476be36e41014110c685ab') in 0.020922 seconds
Number of updated asset objects reloaded before import = 0
Number of asset objects unloaded after import = 2
========================================================================
Received Import Request.
  Time since last request: 0.000095 seconds.
  path: Assets/Chapter6/Material/M_TestGeom.mat
  artifactKey: Guid(0b718cc8d9b8bf6479fd388cb3801e18) Importer(815301076,1909f56bfc062723c751e8b465ee728b)
Start importing Assets/Chapter6/Material/M_TestGeom.mat using Guid(0b718cc8d9b8bf6479fd388cb3801e18) Importer(815301076,1909f56bfc062723c751e8b465ee728b)  -> (artifact id: '626179ce0373e4c5ef133242108cb7a9') in 0.005230 seconds
Number of updated asset objects reloaded before import = 0
Number of asset objects unloaded after import = 1
========================================================================
Received Import Request.
  Time since last request: 0.000038 seconds.
  path: Assets/Chapter6/Material/M_Outline.mat
  artifactKey: Guid(d921c1637d0e18141aceec00a8cb9309) Importer(815301076,1909f56bfc062723c751e8b465ee728b)
Start importing Assets/Chapter6/Material/M_Outline.mat using Guid(d921c1637d0e18141aceec00a8cb9309) Importer(815301076,1909f56bfc062723c751e8b465ee728b)  -> (artifact id: '94bd0437182fb4db6b28ff540dc0e0ec') in 0.004456 seconds
Number of updated asset objects reloaded before import = 0
Number of asset objects unloaded after import = 1
========================================================================
Received Import Request.
  Time since last request: 3.674695 seconds.
  path: Assets/Chapter6/TestScene.unity
  artifactKey: Guid(1a2377229390b9047a616aebb4caefed) Importer(815301076,1909f56bfc062723c751e8b465ee728b)
Start importing Assets/Chapter6/TestScene.unity using Guid(1a2377229390b9047a616aebb4caefed) Importer(815301076,1909f56bfc062723c751e8b465ee728b)  -> (artifact id: 'ea8de09f5afea5607bf40e93f29bd582') in 0.000459 seconds
Number of updated asset objects reloaded before import = 0
Number of asset objects unloaded after import = 0
========================================================================
Received Import Request.
  Time since last request: 4.571727 seconds.
  path: Assets/Chapter6/Tex/T_grass.png
  artifactKey: Guid(b2e269e5040031e4eb339126a38ceee3) Importer(815301076,1909f56bfc062723c751e8b465ee728b)
Start importing Assets/Chapter6/Tex/T_grass.png using Guid(b2e269e5040031e4eb339126a38ceee3) Importer(815301076,1909f56bfc062723c751e8b465ee728b)  -> (artifact id: '35587746fb7927e2f7a222802055e13b') in 0.011215 seconds
Number of updated asset objects reloaded before import = 0
Number of asset objects unloaded after import = 2
========================================================================
Received Import Request.
  Time since last request: 82.619263 seconds.
  path: Assets/Chapter6/Explode.shader
  artifactKey: Guid(d2a2210c982b0af4fb5d05232ae5dea6) Importer(815301076,1909f56bfc062723c751e8b465ee728b)
Start importing Assets/Chapter6/Explode.shader using Guid(d2a2210c982b0af4fb5d05232ae5dea6) Importer(815301076,1909f56bfc062723c751e8b465ee728b)  -> (artifact id: '1427742082cd81f1bce1e0fd3cc50c56') in 0.000683 seconds
Number of updated asset objects reloaded before import = 0
Number of asset objects unloaded after import = 0
========================================================================
Received Import Request.
  Time since last request: 0.802383 seconds.
  path: Assets/Chapter6/Tex
  artifactKey: Guid(91deb1bb1d036064da06b38d4a9a4a63) Importer(815301076,1909f56bfc062723c751e8b465ee728b)
Start importing Assets/Chapter6/Tex using Guid(91deb1bb1d036064da06b38d4a9a4a63) Importer(815301076,1909f56bfc062723c751e8b465ee728b)  -> (artifact id: '1f6330154253e6f818aa2d553d725038') in 0.000425 seconds
Number of updated asset objects reloaded before import = 0
Number of asset objects unloaded after import = 0
========================================================================
Received Import Request.
  Time since last request: 0.274075 seconds.
  path: Assets/Chapter6/Model
  artifactKey: Guid(533f85aec0b6ae048be0e236e7aaf12c) Importer(815301076,1909f56bfc062723c751e8b465ee728b)
Start importing Assets/Chapter6/Model using Guid(533f85aec0b6ae048be0e236e7aaf12c) Importer(815301076,1909f56bfc062723c751e8b465ee728b)  -> (artifact id: 'b87c4bdee4ed1b90db3c4d500edbd85b') in 0.000396 seconds
Number of updated asset objects reloaded before import = 0
Number of asset objects unloaded after import = 0
========================================================================
Received Import Request.
  Time since last request: 0.092660 seconds.
  path: Assets/Chapter6/Model/Ball.fbx
  artifactKey: Guid(95bded9042899df4abe02005bba82b31) Importer(815301076,1909f56bfc062723c751e8b465ee728b)
Start importing Assets/Chapter6/Model/Ball.fbx using Guid(95bded9042899df4abe02005bba82b31) Importer(815301076,1909f56bfc062723c751e8b465ee728b)  -> (artifact id: '1228435e07ff2b10286682927cb5d26a') in 0.028402 seconds
Number of updated asset objects reloaded before import = 0
Number of asset objects unloaded after import = 7
========================================================================
Received Import Request.
  Time since last request: 1.000293 seconds.
  path: Assets/Chapter6/Material
  artifactKey: Guid(eb78a927f7e87bf4987f8dc7c35b8e8d) Importer(815301076,1909f56bfc062723c751e8b465ee728b)
Start importing Assets/Chapter6/Material using Guid(eb78a927f7e87bf4987f8dc7c35b8e8d) Importer(815301076,1909f56bfc062723c751e8b465ee728b)  -> (artifact id: '1b1c42ccc26f365409fd7f7d84c75968') in 0.000429 seconds
Number of updated asset objects reloaded before import = 0
Number of asset objects unloaded after import = 0
========================================================================
Received Import Request.
  Time since last request: 0.060255 seconds.
  path: Assets/Chapter6/Material/M_GeoShader 1.mat
  artifactKey: Guid(7dafa940a0a4a3c468b7f20d7ecd68fc) Importer(815301076,1909f56bfc062723c751e8b465ee728b)
Start importing Assets/Chapter6/Material/M_GeoShader 1.mat using Guid(7dafa940a0a4a3c468b7f20d7ecd68fc) Importer(815301076,1909f56bfc062723c751e8b465ee728b)  -> (artifact id: '5c094819602c7fdedc18623f516406a0') in 0.014769 seconds
Number of updated asset objects reloaded before import = 0
Number of asset objects unloaded after import = 2
========================================================================
Received Import Request.
  Time since last request: 10.465078 seconds.
  path: Assets/Chapter6/Material/M_Grass.mat
  artifactKey: Guid(30966ef73226031439d0d762311ae462) Importer(815301076,1909f56bfc062723c751e8b465ee728b)
Start importing Assets/Chapter6/Material/M_Grass.mat using Guid(30966ef73226031439d0d762311ae462) Importer(815301076,1909f56bfc062723c751e8b465ee728b)  -> (artifact id: '462fb86f16b748e025a8d703d00080d5') in 0.013580 seconds
Number of updated asset objects reloaded before import = 0
Number of asset objects unloaded after import = 1
========================================================================
Received Import Request.
  Time since last request: 6.515560 seconds.
  path: Assets/Chapter6/Material/M_Grass2.mat
  artifactKey: Guid(7dafa940a0a4a3c468b7f20d7ecd68fc) Importer(815301076,1909f56bfc062723c751e8b465ee728b)
Start importing Assets/Chapter6/Material/M_Grass2.mat using Guid(7dafa940a0a4a3c468b7f20d7ecd68fc) Importer(815301076,1909f56bfc062723c751e8b465ee728b)  -> (artifact id: 'b31b0e2f150d79f8f13ecd5ba665ed86') in 0.027696 seconds
Number of updated asset objects reloaded before import = 0
Number of asset objects unloaded after import = 2
========================================================================
Received Import Request.
  Time since last request: 16.164233 seconds.
  path: Assets/Chapter6/Material/M_RimLight.mat
  artifactKey: Guid(8e9aa33731bff3d49a746b04e94600e8) Importer(815301076,1909f56bfc062723c751e8b465ee728b)
Start importing Assets/Chapter6/Material/M_RimLight.mat using Guid(8e9aa33731bff3d49a746b04e94600e8) Importer(815301076,1909f56bfc062723c751e8b465ee728b)  -> (artifact id: '3b0a1d8bccf949a3d301b67c28c945d7') in 0.004268 seconds
Number of updated asset objects reloaded before import = 0
Number of asset objects unloaded after import = 1
========================================================================
Received Import Request.
  Time since last request: 3.334818 seconds.
  path: Assets/Chapter6/Material/M_Rim.mat
  artifactKey: Guid(8e9aa33731bff3d49a746b04e94600e8) Importer(815301076,1909f56bfc062723c751e8b465ee728b)
Start importing Assets/Chapter6/Material/M_Rim.mat using Guid(8e9aa33731bff3d49a746b04e94600e8) Importer(815301076,1909f56bfc062723c751e8b465ee728b)  -> (artifact id: 'e36c1caf831b8fc82b83eac48891e083') in 0.004365 seconds
Number of updated asset objects reloaded before import = 0
Number of asset objects unloaded after import = 1
========================================================================
Received Import Request.
  Time since last request: 7.524924 seconds.
  path: Assets/Chapter6/GeometryOutline.shader
  artifactKey: Guid(5beb49d4ebdd98e428f91946c2139f3f) Importer(815301076,1909f56bfc062723c751e8b465ee728b)
Start importing Assets/Chapter6/GeometryOutline.shader using Guid(5beb49d4ebdd98e428f91946c2139f3f) Importer(815301076,1909f56bfc062723c751e8b465ee728b)  -> (artifact id: 'f5f31ececaebfb2439344efd02c234f1') in 0.000590 seconds
Number of updated asset objects reloaded before import = 0
Number of asset objects unloaded after import = 0
========================================================================
Received Import Request.
  Time since last request: 88.700782 seconds.
  path: Assets/Chapter7
  artifactKey: Guid(311dc467ee2b959438b81ac1f9b6ff69) Importer(815301076,1909f56bfc062723c751e8b465ee728b)
Start importing Assets/Chapter7 using Guid(311dc467ee2b959438b81ac1f9b6ff69) Importer(815301076,1909f56bfc062723c751e8b465ee728b)  -> (artifact id: '6d8bb62ffe4fea2892356bfc2e4d7775') in 0.000438 seconds
Number of updated asset objects reloaded before import = 0
Number of asset objects unloaded after import = 0
========================================================================
Received Import Request.
  Time since last request: 0.919207 seconds.
  path: Assets/Chapter7/Texture
  artifactKey: Guid(74d493c7ce65f444da47cd5f20b65bdd) Importer(815301076,1909f56bfc062723c751e8b465ee728b)
Start importing Assets/Chapter7/Texture using Guid(74d493c7ce65f444da47cd5f20b65bdd) Importer(815301076,1909f56bfc062723c751e8b465ee728b)  -> (artifact id: '6e8b09a659001ac3f69baf83b7439f7b') in 0.000363 seconds
Number of updated asset objects reloaded before import = 0
Number of asset objects unloaded after import = 0
========================================================================
Received Import Request.
  Time since last request: 0.953530 seconds.
  path: Assets/Chapter7/PostProcessing.unity
  artifactKey: Guid(17c662ef0e228204b83812dc86a6575d) Importer(815301076,1909f56bfc062723c751e8b465ee728b)
Start importing Assets/Chapter7/PostProcessing.unity using Guid(17c662ef0e228204b83812dc86a6575d) Importer(815301076,1909f56bfc062723c751e8b465ee728b)  -> (artifact id: '8c5540357a530d76d5c71338487a983e') in 0.000432 seconds
Number of updated asset objects reloaded before import = 0
Number of asset objects unloaded after import = 0
========================================================================
Received Import Request.
  Time since last request: 84.291565 seconds.
  path: Assets/Chapter7/Materials/M_CustomPP_CustomPostProcessing.mat
  artifactKey: Guid(fa8f79f95e265c14698f322dbf9c564d) Importer(815301076,1909f56bfc062723c751e8b465ee728b)
Start importing Assets/Chapter7/Materials/M_CustomPP_CustomPostProcessing.mat using Guid(fa8f79f95e265c14698f322dbf9c564d) Importer(815301076,1909f56bfc062723c751e8b465ee728b)  -> (artifact id: 'd717f3a018d587421cd6db20dd0c3003') in 0.033253 seconds
Number of updated asset objects reloaded before import = 0
Number of asset objects unloaded after import = 1
========================================================================
Received Import Request.
  Time since last request: 0.940316 seconds.
  path: Assets/Chapter7/CustomPostProcessing.shader
  artifactKey: Guid(391290976094d6145a047ed887e559a0) Importer(815301076,1909f56bfc062723c751e8b465ee728b)
Start importing Assets/Chapter7/CustomPostProcessing.shader using Guid(391290976094d6145a047ed887e559a0) Importer(815301076,1909f56bfc062723c751e8b465ee728b)  -> (artifact id: '97e71e957766af2af3b1f4b3f2a3616d') in 0.000588 seconds
Number of updated asset objects reloaded before import = 0
Number of asset objects unloaded after import = 0
========================================================================
Received Prepare
Begin MonoManager ReloadAssembly
- Loaded All Assemblies, in  0.387 seconds
Refreshing native plugins compatible for Editor in 0.96 ms, found 2 plugins.
Native extension for WindowsStandalone target not found
Native extension for Android target not found
Mono: successfully reloaded assembly
- Finished resetting the current domain, in  0.422 seconds
Domain Reload Profiling: 809ms
	BeginReloadAssembly (105ms)
		ExecutionOrderSort (0ms)
		DisableScriptedObjects (3ms)
		BackupInstance (0ms)
		ReleaseScriptingObjects (0ms)
		CreateAndSetChildDomain (33ms)
	RebuildCommonClasses (24ms)
	RebuildNativeTypeToScriptingClass (8ms)
	initialDomainReloadingComplete (18ms)
	LoadAllAssembliesAndSetupDomain (231ms)
		LoadAssemblies (141ms)
		RebuildTransferFunctionScriptingTraits (0ms)
		AnalyzeDomain (133ms)
			TypeCache.Refresh (129ms)
				TypeCache.ScanAssembly (120ms)
			ScanForSourceGeneratedMonoScriptInfo (3ms)
			ResolveRequiredComponents (2ms)
	FinalizeReload (423ms)
		ReleaseScriptCaches (0ms)
		RebuildScriptCaches (0ms)
		SetupLoadedEditorAssemblies (222ms)
			LogAssemblyErrors (0ms)
			InitializePlatformSupportModulesInManaged (16ms)
			SetLoadedEditorAssemblies (3ms)
			RefreshPlugins (0ms)
			BeforeProcessingInitializeOnLoad (32ms)
			ProcessInitializeOnLoadAttributes (152ms)
			ProcessInitializeOnLoadMethodAttributes (16ms)
			AfterProcessingInitializeOnLoad (3ms)
			EditorAssembliesLoaded (0ms)
		ExecutionOrderSort2 (0ms)
		AwakeInstancesAfterBackupRestoration (5ms)
Refreshing native plugins compatible for Editor in 1.23 ms, found 2 plugins.
Preloading 0 native plugins for Editor in 0.00 ms.
Unloading 1495 Unused Serialized files (Serialized files now loaded: 0)
Unloading 26 unused Assets / (1.3 MB). Loaded Objects now: 2131.
Memory consumption went from 104.6 MB to 103.4 MB.
Total: 2.662200 ms (FindLiveObjects: 0.127300 ms CreateObjectMapping: 0.035300 ms MarkObjects: 2.262400 ms  DeleteObjects: 0.236500 ms)

Prepare: number of updated asset objects reloaded= 0
AssetImportParameters requested are different than current active one (requested -> active):
  custom:video-encoder-webm-vp8: eb34c28f22e8b96e1ab97ce403110664 -> 
  custom:video-decoder-webm-vp8: 9c59270c3fd7afecdb556c50c9e8de78 -> 
  custom:audio-decoder-ogg-vorbis: bf7c407c2cedff20999df2af8eb42d56 -> 
  custom:SearchIndexIgnoredProperties: e643bd26f0fe6173181afceb89e7c659 -> 
  custom:container-demuxer-ogg: 62fdf1f143b41e24485cea50d1cbac27 -> 
  custom:AudioImporter_EditorPlatform: d09bf68614088b80899f8185d706f6e7 -> 
  custom:CustomObjectIndexerAttribute: 756ad292c208cfabdd7b50bc23989ffe -> 
  custom:container-demuxer-webm: 4f35f7cbe854078d1ac9338744f61a02 -> 
  custom:video-decoder-ogg-theora: a1e56fd34408186e4bbccfd4996cb3dc -> 
  custom:audio-encoder-webm-vorbis: bf7c407c2cedff20999df2af8eb42d56 -> 
  custom:framework-win-MediaFoundation: 216162199b28c13a410421893ffa2e32 -> 
  custom:container-muxer-webm: aa71ff27fc2769a1b78a27578f13a17b -> 
========================================================================
Received Import Request.
  Time since last request: 39.572217 seconds.
  path: Assets/Chapter7/Scripts/CustomPostProcessing.cs
  artifactKey: Guid(839823a896c5a5b4b9644d26b83d3680) Importer(815301076,1909f56bfc062723c751e8b465ee728b)
Start importing Assets/Chapter7/Scripts/CustomPostProcessing.cs using Guid(839823a896c5a5b4b9644d26b83d3680) Importer(815301076,1909f56bfc062723c751e8b465ee728b)  -> (artifact id: '72b1659312a277bf71a8b1683df2a90e') in 0.002342 seconds
Number of updated asset objects reloaded before import = 0
Number of asset objects unloaded after import = 0
========================================================================
Received Import Request.
  Time since last request: 21.723290 seconds.
  path: Assets/Chapter7/BlendingTrace.shader
  artifactKey: Guid(e9e4dd6cc9c269d4c951f5ea785d82d9) Importer(815301076,1909f56bfc062723c751e8b465ee728b)
Start importing Assets/Chapter7/BlendingTrace.shader using Guid(e9e4dd6cc9c269d4c951f5ea785d82d9) Importer(815301076,1909f56bfc062723c751e8b465ee728b)  -> (artifact id: '9c99a1c40db30913a54a1a908db6592f') in 0.005597 seconds
Number of updated asset objects reloaded before import = 0
Number of asset objects unloaded after import = 0
========================================================================
Received Import Request.
  Time since last request: 4.437001 seconds.
  path: Assets/Chapter7/TestScene.unity
  artifactKey: Guid(d43becc771f8736458a29bba3902683d) Importer(815301076,1909f56bfc062723c751e8b465ee728b)
Start importing Assets/Chapter7/TestScene.unity using Guid(d43becc771f8736458a29bba3902683d) Importer(815301076,1909f56bfc062723c751e8b465ee728b)  -> (artifact id: 'f3071338e1318bd1eac0ee6cfc0e1437') in 0.000403 seconds
Number of updated asset objects reloaded before import = 0
Number of asset objects unloaded after import = 0
========================================================================
Received Import Request.
  Time since last request: 49.871082 seconds.
  path: Assets/Chapter7/Texture/RT_CameraRT.renderTexture
  artifactKey: Guid(1586e15d47adc0645ab225ec017b1772) Importer(815301076,1909f56bfc062723c751e8b465ee728b)
Start importing Assets/Chapter7/Texture/RT_CameraRT.renderTexture using Guid(1586e15d47adc0645ab225ec017b1772) Importer(815301076,1909f56bfc062723c751e8b465ee728b)  -> (artifact id: '96d5fa1c48f9a49daff212e279ff1131') in 0.024611 seconds
Number of updated asset objects reloaded before import = 0
Number of asset objects unloaded after import = 2
========================================================================
Received Import Request.
  Time since last request: 0.000013 seconds.
  path: Assets/Chapter7/Texture/T_Character.png
  artifactKey: Guid(966eb1132a722ad40936de17a07ae71e) Importer(815301076,1909f56bfc062723c751e8b465ee728b)
Start importing Assets/Chapter7/Texture/T_Character.png using Guid(966eb1132a722ad40936de17a07ae71e) Importer(815301076,1909f56bfc062723c751e8b465ee728b)  -> (artifact id: '44e3ae9316499676dc0d9ee144daec48') in 0.020473 seconds
Number of updated asset objects reloaded before import = 0
Number of asset objects unloaded after import = 3
========================================================================
Received Import Request.
  Time since last request: 0.000012 seconds.
  path: Assets/Chapter7/Texture/T_Radial.png
  artifactKey: Guid(1948a8959ff315643a097d087852577e) Importer(815301076,1909f56bfc062723c751e8b465ee728b)
Start importing Assets/Chapter7/Texture/T_Radial.png using Guid(1948a8959ff315643a097d087852577e) Importer(815301076,1909f56bfc062723c751e8b465ee728b)  -> (artifact id: 'f8fa8b0837b2d97649f49ddead282b47') in 0.008053 seconds
Number of updated asset objects reloaded before import = 0
Number of asset objects unloaded after import = 2
========================================================================
Received Import Request.
  Time since last request: 18.689684 seconds.
  path: Assets/Chapter7/Materials/M_BlendingTrace.mat
  artifactKey: Guid(f75d2e2698065c548acdb1da2188fd9c) Importer(815301076,1909f56bfc062723c751e8b465ee728b)
Start importing Assets/Chapter7/Materials/M_BlendingTrace.mat using Guid(f75d2e2698065c548acdb1da2188fd9c) Importer(815301076,1909f56bfc062723c751e8b465ee728b)  -> (artifact id: '923c12e10e3dd4893510051ed4e394dc') in 0.037421 seconds
Number of updated asset objects reloaded before import = 0
Number of asset objects unloaded after import = 1
========================================================================
Received Import Request.
  Time since last request: 0.035481 seconds.
  path: Assets/Chapter7/Materials/M_New Material.mat
  artifactKey: Guid(0f498302e9efc77439eff0bbc5710460) Importer(815301076,1909f56bfc062723c751e8b465ee728b)
Start importing Assets/Chapter7/Materials/M_New Material.mat using Guid(0f498302e9efc77439eff0bbc5710460) Importer(815301076,1909f56bfc062723c751e8b465ee728b)  -> (artifact id: 'f323efee10878be3898ae998b51b83d4') in 0.019110 seconds
Number of updated asset objects reloaded before import = 0
Number of asset objects unloaded after import = 1
========================================================================
Received Import Request.
  Time since last request: 0.000027 seconds.
  path: Assets/Chapter7/Materials/M_New Material_1.mat
  artifactKey: Guid(5c55fb2d2ea6542448bf6dde6352ff39) Importer(815301076,1909f56bfc062723c751e8b465ee728b)
Start importing Assets/Chapter7/Materials/M_New Material_1.mat using Guid(5c55fb2d2ea6542448bf6dde6352ff39) Importer(815301076,1909f56bfc062723c751e8b465ee728b)  -> (artifact id: 'c4ce44f3cbd1aa540dd9c981beefefcc') in 0.007074 seconds
Number of updated asset objects reloaded before import = 0
Number of asset objects unloaded after import = 2
========================================================================
Received Import Request.
  Time since last request: 0.000046 seconds.
  path: Assets/Chapter7/Materials/M_showuv.mat
  artifactKey: Guid(de52e157e6643fc4cac24da0bf7f926f) Importer(815301076,1909f56bfc062723c751e8b465ee728b)
Start importing Assets/Chapter7/Materials/M_showuv.mat using Guid(de52e157e6643fc4cac24da0bf7f926f) Importer(815301076,1909f56bfc062723c751e8b465ee728b)  -> (artifact id: 'a31c396a9a2ba2d6107b236a72adce67') in 0.024384 seconds
Number of updated asset objects reloaded before import = 0
Number of asset objects unloaded after import = 1
========================================================================
Received Import Request.
  Time since last request: 0.000051 seconds.
  path: Assets/Chapter7/Materials/M_RTTracing.mat
  artifactKey: Guid(93c9243526cdbdf4883fa6ff5d35bce1) Importer(815301076,1909f56bfc062723c751e8b465ee728b)
Start importing Assets/Chapter7/Materials/M_RTTracing.mat using Guid(93c9243526cdbdf4883fa6ff5d35bce1) Importer(815301076,1909f56bfc062723c751e8b465ee728b)  -> (artifact id: 'a1be0be436dd2178ab62eb063b70e277') in 0.192987 seconds
Number of updated asset objects reloaded before import = 0
Number of asset objects unloaded after import = 2
Editor requested this worker to shutdown with reason: Scaling down because of idle timeout
TcpMessagingSession - receive error: operation aborted. errorcode: 995, details: ߳˳Ӧóֹ I/O 
AssetImportWorker is now disconnected from the server
Process exiting
Exiting without the bug reporter. Application will terminate with return code 0